\BOOKMARK [0][-]{chapter.1}{INTRODUCCI\323N}{}% 1
\BOOKMARK [1][-]{section.1.1}{Planteamiento del Problema}{chapter.1}% 2
\BOOKMARK [1][-]{section.1.2}{Objetivos}{chapter.1}% 3
\BOOKMARK [2][-]{subsection.1.2.1}{Objetivo General}{section.1.2}% 4
\BOOKMARK [2][-]{subsection.1.2.2}{Objetivos Espec\355ficos}{section.1.2}% 5
\BOOKMARK [1][-]{section.1.3}{Motivaci\363n}{chapter.1}% 6
\BOOKMARK [1][-]{section.1.4}{Justificaci\363n}{chapter.1}% 7
\BOOKMARK [1][-]{section.1.5}{Delimitaci\363n}{chapter.1}% 8
\BOOKMARK [2][-]{subsection.1.5.1}{L\355mites}{section.1.5}% 9
\BOOKMARK [2][-]{subsection.1.5.2}{Alcances}{section.1.5}% 10
\BOOKMARK [0][-]{chapter.2}{MARCO TE\323RICO}{}% 11
\BOOKMARK [1][-]{section.2.1}{Estado del Arte}{chapter.2}% 12
\BOOKMARK [2][-]{subsection.2.1.1}{Evoluci\363n de los Sistemas de filas de un supermercado}{section.2.1}% 13
\BOOKMARK [2][-]{subsection.2.1.2}{Innovaci\363n en las redes neuronales}{section.2.1}% 14
\BOOKMARK [1][-]{section.2.2}{Fundamentos Te\363ricos}{chapter.2}% 15
\BOOKMARK [2][-]{subsection.2.2.1}{Redes neuronales artificiales}{section.2.2}% 16
\BOOKMARK [3][-]{subsubsection.2.2.1.1}{Capas}{subsection.2.2.1}% 17
\BOOKMARK [3][-]{subsubsection.2.2.1.2}{M\351todos de aprendizaje}{subsection.2.2.1}% 18
\BOOKMARK [3][-]{subsubsection.2.2.1.3}{Aprendizaje supervisado}{subsection.2.2.1}% 19
\BOOKMARK [3][-]{subsubsection.2.2.1.4}{Aprendizaje reforzado}{subsection.2.2.1}% 20
\BOOKMARK [2][-]{subsection.2.2.2}{Funci\363n de activaci\363n}{section.2.2}% 21
\BOOKMARK [3][-]{subsubsection.2.2.2.1}{Sigmoid/Sigmoide}{subsection.2.2.2}% 22
\BOOKMARK [3][-]{subsubsection.2.2.2.2}{Tangente hiperb\363lica\(Tanh\)}{subsection.2.2.2}% 23
\BOOKMARK [3][-]{subsubsection.2.2.2.3}{Relu}{subsection.2.2.2}% 24
\BOOKMARK [3][-]{subsubsection.2.2.2.4}{Softmax}{subsection.2.2.2}% 25
\BOOKMARK [2][-]{subsection.2.2.3}{Inteligencia artificial}{section.2.2}% 26
\BOOKMARK [3][-]{subsubsection.2.2.3.1}{Visi\363n computacional}{subsection.2.2.3}% 27
\BOOKMARK [3][-]{subsubsection.2.2.3.2}{OpenCV}{subsection.2.2.3}% 28
\BOOKMARK [2][-]{subsection.2.2.4}{Machine Learning}{section.2.2}% 29
\BOOKMARK [3][-]{subsubsection.2.2.4.1}{Tensorflow}{subsection.2.2.4}% 30
\BOOKMARK [3][-]{subsubsection.2.2.4.2}{Gr\341ficos de c\363mputo}{subsection.2.2.4}% 31
\BOOKMARK [3][-]{subsubsection.2.2.4.3}{Keras}{subsection.2.2.4}% 32
\BOOKMARK [3][-]{subsubsection.2.2.4.4}{Configuraci\363n de capas iniciales}{subsection.2.2.4}% 33
\BOOKMARK [2][-]{subsection.2.2.5}{Deep Learning}{section.2.2}% 34
\BOOKMARK [2][-]{subsection.2.2.6}{YOLO}{section.2.2}% 35
\BOOKMARK [3][-]{subsubsection.2.2.6.1}{Darknet}{subsection.2.2.6}% 36
\BOOKMARK [3][-]{subsubsection.2.2.6.2}{Darkflow}{subsection.2.2.6}% 37
\BOOKMARK [2][-]{subsection.2.2.7}{Servicios de c\363mputo en la nube}{section.2.2}% 38
\BOOKMARK [3][-]{subsubsection.2.2.7.1}{Amazon Web Service}{subsection.2.2.7}% 39
\BOOKMARK [1][-]{section.2.3}{Google Colab}{chapter.2}% 40
\BOOKMARK [0][-]{chapter.3}{MARCO PR\301CTICO}{}% 41
\BOOKMARK [1][-]{section.3.1}{Elecci\363n de una red neuronal}{chapter.3}% 42
\BOOKMARK [1][-]{section.3.2}{Entrenamiento de la red neuronal}{chapter.3}% 43
\BOOKMARK [2][-]{subsection.3.2.1}{Base de datos}{section.3.2}% 44
\BOOKMARK [2][-]{subsection.3.2.2}{Preparaci\363n del ambiente}{section.3.2}% 45
\BOOKMARK [2][-]{subsection.3.2.3}{Personalizar una red neuronal}{section.3.2}% 46
\BOOKMARK [2][-]{subsection.3.2.4}{Inicio de entrenamiento}{section.3.2}% 47
\BOOKMARK [1][-]{section.3.3}{Dise\361o de la interfaz}{chapter.3}% 48
\BOOKMARK [2][-]{subsection.3.3.1}{Detecci\363n de personas}{section.3.3}% 49
\BOOKMARK [2][-]{subsection.3.3.2}{Pantalla de alerta}{section.3.3}% 50
\BOOKMARK [1][-]{section.3.4}{Diagrama de flujo}{chapter.3}% 51
\BOOKMARK [1][-]{section.3.5}{Diagrama C4Model}{chapter.3}% 52
\BOOKMARK [2][-]{subsection.3.5.1}{Contexto}{section.3.5}% 53
\BOOKMARK [2][-]{subsection.3.5.2}{Contenedores}{section.3.5}% 54
\BOOKMARK [1][-]{section.3.6}{Descripci\363n de la aplicaci\363n}{chapter.3}% 55
\BOOKMARK [2][-]{subsection.3.6.1}{Agregar el tracker a la detecci\363n}{section.3.6}% 56
\BOOKMARK [2][-]{subsection.3.6.2}{Agregar contador y l\355mite de detecci\363n}{section.3.6}% 57
\BOOKMARK [2][-]{subsection.3.6.3}{Alarma al superar el tiempo m\341ximo}{section.3.6}% 58
\BOOKMARK [2][-]{subsection.3.6.4}{Crear una base de datos}{section.3.6}% 59
\BOOKMARK [1][-]{section.3.7}{Funcionamiento de la aplicaci\363n}{chapter.3}% 60
\BOOKMARK [2][-]{subsection.3.7.1}{Proceso de iniciar la aplicaci\363n}{section.3.7}% 61
\BOOKMARK [2][-]{subsection.3.7.2}{Proceso de detecci\363n y c\341lculo de tiempo de espera promedio}{section.3.7}% 62
\BOOKMARK [0][-]{chapter.4}{CONCLUSIONES}{}% 63
\BOOKMARK [0][-]{chapter.5}{RECOMENDACIONES}{}% 64
\BOOKMARK [0][-]{chapter.5}{Bibliografia}{}% 65
